#
# There is insufficient memory for the Java Runtime Environment to continue.
# Native memory allocation (mmap) failed to map 69206016 bytes for Failed to commit area from 0x000000008be00000 to 0x0000000090000000 of length 69206016.
# Possible reasons:
#   The system is out of physical RAM or swap space
#   The process is running with CompressedOops enabled, and the Java Heap may be blocking the growth of the native heap
# Possible solutions:
#   Reduce memory load on the system
#   Increase physical memory or swap space
#   Check if swap backing store is full
#   Decrease Java heap size (-Xmx/-Xms)
#   Decrease number of Java threads
#   Decrease Java thread stack sizes (-Xss)
#   Set larger code cache with -XX:ReservedCodeCacheSize=
#   JVM is running with Unscaled Compressed Oops mode in which the Java heap is
#     placed in the first 4GB address space. The Java Heap base address is the
#     maximum limit for the native heap growth. Please use -XX:HeapBaseMinAddress
#     to set the Java Heap base and to place the Java Heap above 4GB virtual address.
# This output file may be truncated or incomplete.
#
#  Out of Memory Error (t:/workspace/open/src/hotspot/os/windows/os_windows.cpp:3269), pid=18520, tid=20724
#
# JRE version: OpenJDK Runtime Environment (11.0.2+9) (build 11.0.2+9)
# Java VM: OpenJDK 64-Bit Server VM (11.0.2+9, mixed mode, tiered, compressed oops, g1 gc, windows-amd64)
# No core dump will be written. Minidumps are not enabled by default on client versions of Windows
#

---------------  S U M M A R Y ------------

Command Line: -Djavafx.embed.singleThread=true 

Host: Intel(R) Core(TM) i7-8750H CPU @ 2.20GHz, 12 cores, 7G,  Windows 10 , 64 bit Build 19041 (10.0.19041.546)
Time: Wed Nov 18 02:23:41 2020 Eastern Standard Time elapsed time: 13 seconds (0d 0h 0m 13s)

---------------  T H R E A D  ---------------

Current thread (0x0000000022808000):  VMThread "VM Thread" [stack: 0x0000000023440000,0x0000000023640000] [id=20724]

Stack: [0x0000000023440000,0x0000000023640000]
[error occurred during error reporting (printing stack bounds), id 0xc0000005, EXCEPTION_ACCESS_VIOLATION (0xc0000005) at pc=0x000000000add0bad]

Native frames: (J=compiled Java code, j=interpreted, Vv=VM code, C=native code)
V  [jvm.dll+0x63489a]
V  [jvm.dll+0x771f9f]
V  [jvm.dll+0x773648]
V  [jvm.dll+0x773c65]
V  [jvm.dll+0x773c1b]
V  [jvm.dll+0x633fa6]
V  [jvm.dll+0x634368]
C  [ntdll.dll+0xa10ff]
C  [ntdll.dll+0x4b474]
C  [ntdll.dll+0x9fc2e]
C  0x000000000add0bad

VM_Operation (0x000000003c40e780): G1CollectForAllocation, mode: safepoint, requested by thread 0x0000000026bd6800


---------------  P R O C E S S  ---------------

Threads class SMR info:
_java_thread_list=0x0000000025439610, length=46, elements={
0x0000000002aa3800, 0x000000002281a800, 0x0000000022824800, 0x0000000022813000,
0x0000000022814000, 0x0000000022815000, 0x0000000022834800, 0x0000000022839800,
0x0000000023cff800, 0x0000000023d06800, 0x0000000024fe7000, 0x000000002507b800,
0x0000000025097000, 0x0000000025097800, 0x000000002533c800, 0x0000000025439800,
0x0000000026a9a800, 0x000000002521d000, 0x0000000026cc3000, 0x0000000026d2f000,
0x0000000030dd3000, 0x0000000030dcf800, 0x0000000030dd0800, 0x0000000030dce000,
0x0000000030dd4800, 0x0000000032b18800, 0x0000000030dcf000, 0x0000000026bca000,
0x0000000026bcb000, 0x0000000026bcc800, 0x0000000026bce000, 0x0000000026bcf000,
0x0000000026bcb800, 0x00000000313d6000, 0x0000000026bc9800, 0x0000000026bd2800,
0x0000000026bd0000, 0x0000000026bd0800, 0x0000000026bd1800, 0x0000000026bcd800,
0x0000000026bd3000, 0x0000000026bd4000, 0x0000000026bd4800, 0x0000000026bd7000,
0x0000000026bd5800, 0x0000000026bd6800
}

Java Threads: ( => current thread )
  0x0000000002aa3800 JavaThread "main" [_thread_blocked, id=19696, stack(0x00000000004e0000,0x00000000006e0000)]
  0x000000002281a800 JavaThread "Reference Handler" daemon [_thread_blocked, id=12772, stack(0x0000000023640000,0x0000000023840000)]
  0x0000000022824800 JavaThread "Finalizer" daemon [_thread_blocked, id=22172, stack(0x0000000023840000,0x0000000023a40000)]
  0x0000000022813000 JavaThread "Signal Dispatcher" daemon [_thread_blocked, id=15804, stack(0x0000000023f40000,0x0000000024140000)]
  0x0000000022814000 JavaThread "Attach Listener" daemon [_thread_blocked, id=12988, stack(0x0000000024140000,0x0000000024340000)]
  0x0000000022815000 JavaThread "C2 CompilerThread0" daemon [_thread_blocked, id=18276, stack(0x0000000024340000,0x0000000024540000)]
  0x0000000022834800 JavaThread "C1 CompilerThread0" daemon [_thread_blocked, id=1132, stack(0x0000000024540000,0x0000000024740000)]
  0x0000000022839800 JavaThread "Sweeper thread" daemon [_thread_blocked, id=11692, stack(0x0000000024740000,0x0000000024940000)]
  0x0000000023cff800 JavaThread "Service Thread" daemon [_thread_blocked, id=660, stack(0x0000000024940000,0x0000000024b40000)]
  0x0000000023d06800 JavaThread "Common-Cleaner" daemon [_thread_blocked, id=15496, stack(0x0000000024d40000,0x0000000024f40000)]
  0x0000000024fe7000 JavaThread "JavaFX-Launcher" [_thread_blocked, id=21940, stack(0x0000000025740000,0x0000000025940000)]
  0x000000002507b800 JavaThread "QuantumRenderer-0" daemon [_thread_blocked, id=21176, stack(0x0000000025b90000,0x0000000025d90000)]
  0x0000000025097000 JavaThread "InvokeLaterDispatcher" daemon [_thread_blocked, id=14212, stack(0x0000000026230000,0x0000000026430000)]
  0x0000000025097800 JavaThread "JavaFX Application Thread" [_thread_in_native, id=23772, stack(0x0000000026430000,0x0000000026630000)]
  0x000000002533c800 JavaThread "Thread-2" daemon [_thread_blocked, id=22940, stack(0x000000002c000000,0x000000002c200000)]
  0x0000000025439800 JavaThread "Java2D Disposer" daemon [_thread_blocked, id=23388, stack(0x000000002c540000,0x000000002c740000)]
  0x0000000026a9a800 JavaThread "AWT-Windows" daemon [_thread_in_native, id=14056, stack(0x000000002c940000,0x000000002cb40000)]
  0x000000002521d000 JavaThread "Thread-3" [_thread_blocked, id=22484, stack(0x000000002cb40000,0x000000002cd40000)]
  0x0000000026cc3000 JavaThread "AWT-Shutdown" [_thread_blocked, id=1476, stack(0x0000000031f70000,0x0000000032170000)]
  0x0000000026d2f000 JavaThread "AWT-EventQueue-0" [_thread_blocked, id=15260, stack(0x00000000325c0000,0x00000000327c0000)]
  0x0000000030dd3000 JavaThread "TimerQueue" daemon [_thread_blocked, id=18996, stack(0x0000000033840000,0x0000000033a40000)]
  0x0000000030dcf800 JavaThread "Prism Font Disposer" daemon [_thread_blocked, id=3480, stack(0x00000000374f0000,0x00000000376f0000)]
  0x0000000030dd0800 JavaThread "Thread-7" [_thread_blocked, id=8468, stack(0x0000000037ef0000,0x00000000380f0000)]
  0x0000000030dce000 JavaThread "Thread-8" [_thread_blocked, id=332, stack(0x0000000039410000,0x0000000039610000)]
  0x0000000030dd4800 JavaThread "Timer-0" [_thread_blocked, id=20708, stack(0x0000000039610000,0x0000000039810000)]
  0x0000000032b18800 JavaThread "C2 CompilerThread1" daemon [_thread_in_native, id=18688, stack(0x0000000039a10000,0x0000000039c10000)]
  0x0000000030dcf000 JavaThread "JDI Internal Event Handler" daemon [_thread_blocked, id=13408, stack(0x0000000039c10000,0x0000000039e10000)]
  0x0000000026bca000 JavaThread "JDI Target VM Interface" daemon [_thread_blocked, id=13976, stack(0x0000000039e10000,0x000000003a010000)]
  0x0000000026bcb000 JavaThread "BlueJ I/O Handler" [_thread_in_native, id=18400, stack(0x000000003a010000,0x000000003a210000)]
  0x0000000026bcc800 JavaThread "BlueJ I/O Handler" [_thread_in_native, id=10016, stack(0x000000003a210000,0x000000003a410000)]
  0x0000000026bce000 JavaThread "BlueJ I/O Handler" [_thread_blocked, id=3356, stack(0x000000003a410000,0x000000003a610000)]
  0x0000000026bcf000 JavaThread "Thread-10" [_thread_blocked, id=23464, stack(0x000000003a610000,0x000000003a810000)]
  0x0000000026bcb800 JavaThread "vm-event-handler" [_thread_blocked, id=17972, stack(0x000000003a810000,0x000000003aa10000)]
  0x00000000313d6000 JavaThread "C2 CompilerThread2" daemon [_thread_blocked, id=6768, stack(0x000000002f3e0000,0x000000002f5e0000)]
  0x0000000026bc9800 JavaThread "Cleaner-0" daemon [_thread_blocked, id=21596, stack(0x000000003ac10000,0x000000003ae10000)]
  0x0000000026bd2800 JavaThread "ClassGraph-worker-11" daemon [_thread_blocked, id=9240, stack(0x000000003ae10000,0x000000003b010000)]
  0x0000000026bd0000 JavaThread "ClassGraph-worker-12" daemon [_thread_blocked, id=13228, stack(0x0000000035cf0000,0x0000000035ef0000)]
  0x0000000026bd0800 JavaThread "ClassGraph-worker-13" daemon [_thread_blocked, id=4920, stack(0x000000003b210000,0x000000003b410000)]
  0x0000000026bd1800 JavaThread "ClassGraph-worker-14" daemon [_thread_blocked, id=11148, stack(0x000000003b410000,0x000000003b610000)]
  0x0000000026bcd800 JavaThread "ClassGraph-worker-15" daemon [_thread_blocked, id=15432, stack(0x000000003b610000,0x000000003b810000)]
  0x0000000026bd3000 JavaThread "ClassGraph-worker-16" daemon [_thread_blocked, id=13336, stack(0x000000003b810000,0x000000003ba10000)]
  0x0000000026bd4000 JavaThread "ClassGraph-worker-17" daemon [_thread_blocked, id=7084, stack(0x000000003ba10000,0x000000003bc10000)]
  0x0000000026bd4800 JavaThread "ClassGraph-worker-18" daemon [_thread_blocked, id=20880, stack(0x000000003bc10000,0x000000003be10000)]
  0x0000000026bd7000 JavaThread "ClassGraph-worker-19" daemon [_thread_blocked, id=2568, stack(0x000000003be10000,0x000000003c010000)]
  0x0000000026bd5800 JavaThread "ClassGraph-worker-20" daemon [_thread_blocked, id=13872, stack(0x000000003c010000,0x000000003c210000)]
  0x0000000026bd6800 JavaThread "ClassGraph-worker-21" daemon [_thread_blocked, id=15620, stack(0x000000003c210000,0x000000003c410000)]

Other Threads:
=>0x0000000022808000 VMThread "VM Thread" [stack: 0x0000000023440000,0x0000000023640000] [id=20724]
  0x0000000023d04800 WatcherThread [stack: 0x0000000024b40000,0x0000000024d40000] [id=10308]
  0x0000000002ab8800 GCTaskThread "GC Thread#0" [stack: 0x0000000019fb0000,0x000000001a1b0000] [id=2216]
  0x0000000026ce1000 GCTaskThread "GC Thread#1" [stack: 0x000000002d140000,0x000000002d340000] [id=6744]
  0x0000000026ce1800 GCTaskThread "GC Thread#2" [stack: 0x000000002d340000,0x000000002d540000] [id=23956]
  0x0000000026b65000 GCTaskThread "GC Thread#3" [stack: 0x000000002d540000,0x000000002d740000] [id=3084]
  0x0000000026b66000 GCTaskThread "GC Thread#4" [stack: 0x000000002d740000,0x000000002d940000] [id=15732]
  0x0000000026b66800 GCTaskThread "GC Thread#5" [stack: 0x000000002d940000,0x000000002db40000] [id=8508]
  0x0000000026cc4800 GCTaskThread "GC Thread#6" [stack: 0x000000002db40000,0x000000002dd40000] [id=14664]
  0x0000000026cc5800 GCTaskThread "GC Thread#7" [stack: 0x000000002dd40000,0x000000002df40000] [id=7896]
  0x0000000026ec5800 GCTaskThread "GC Thread#8" [stack: 0x000000002df40000,0x000000002e140000] [id=22428]
  0x0000000026ec6800 GCTaskThread "GC Thread#9" [stack: 0x000000002e140000,0x000000002e340000] [id=12976]
  0x0000000002aeb000 ConcurrentGCThread "G1 Main Marker" [stack: 0x000000001f790000,0x000000001f990000] [id=5676]
  0x0000000002aec000 ConcurrentGCThread "G1 Conc#0" [stack: 0x000000001f990000,0x000000001fb90000] [id=16460]
  0x0000000026d41800 ConcurrentGCThread "G1 Conc#1" [stack: 0x0000000033d30000,0x0000000033f30000] [id=2320]
  0x000000003000b800 ConcurrentGCThread "G1 Conc#2" [stack: 0x0000000033f30000,0x0000000034130000] [id=10896]
  0x0000000022650800 ConcurrentGCThread "G1 Refine#0" [stack: 0x0000000022840000,0x0000000022a40000] [id=24468]
  0x0000000025049800 ConcurrentGCThread "G1 Refine#1" [stack: 0x000000002e340000,0x000000002e540000] [id=20448]
  0x0000000026fd9000 ConcurrentGCThread "G1 Refine#2" [stack: 0x000000002e540000,0x000000002e740000] [id=16076]
  0x0000000026fda000 ConcurrentGCThread "G1 Refine#3" [stack: 0x000000002e740000,0x000000002e940000] [id=24464]
  0x0000000022651800 ConcurrentGCThread "G1 Young RemSet Sampling" [stack: 0x0000000022a40000,0x0000000022c40000] [id=18948]

Threads with active compile tasks:
C2 CompilerThread04562       4       io.github.classgraph.ClassfileBinaryParser::readClassInfoFromClassfileHeader (2310 bytes)
C2 CompilerThread14468       4       jdk.internal.jimage.ImageReader$SharedImageReader::lambda$handleModulesSubTree$1 (43 bytes)
C2 CompilerThread24616       4       io.github.classgraph.utils.InputStreamOrByteBufferAdapter::readInitialChunk (50 bytes)

VM state:at safepoint (normal execution)

VM Mutex/Monitor currently owned by a thread:  ([mutex/lock_event])
[0x0000000002aa03a0] Threads_lock - owner thread: 0x0000000022808000
[0x0000000002aa0a60] Heap_lock - owner thread: 0x0000000026bd6800

Heap address: 0x0000000082600000, size: 2010 MB, Compressed Oops mode: 32-bit
Narrow klass base: 0x0000000000000000, Narrow klass shift: 3
Compressed class space size: 1073741824 Address: 0x0000000100000000

Heap:
 garbage-first heap   total 223232K, used 72526K [0x0000000082600000, 0x0000000100000000)
  region size 1024K, 5 young (5120K), 5 survivors (5120K)
 Metaspace       used 47919K, capacity 50181K, committed 50256K, reserved 1091584K
  class space    used 6549K, capacity 7495K, committed 7508K, reserved 1048576K
Heap Regions: E=young(eden), S=young(survivor), O=old, HS=humongous(starts), HC=humongous(continues), CS=collection set, F=free, A=archive, TAMS=top-at-mark-start (previous, next)
|   0|0x0000000082600000, 0x0000000082700000, 0x0000000082700000|100%| O|  |TAMS 0x0000000082600000, 0x0000000082600000| Untracked 
|   1|0x0000000082700000, 0x0000000082800000, 0x0000000082800000|100%| O|  |TAMS 0x0000000082800000, 0x0000000082700000| Untracked 
|   2|0x0000000082800000, 0x0000000082900000, 0x0000000082900000|100%| O|  |TAMS 0x0000000082900000, 0x0000000082800000| Untracked 
|   3|0x0000000082900000, 0x0000000082a00000, 0x0000000082a00000|100%| O|  |TAMS 0x0000000082a00000, 0x0000000082900000| Untracked 
|   4|0x0000000082a00000, 0x0000000082b00000, 0x0000000082b00000|100%| O|  |TAMS 0x0000000082b00000, 0x0000000082a00000| Untracked 
|   5|0x0000000082b00000, 0x0000000082c00000, 0x0000000082c00000|100%| O|  |TAMS 0x0000000082c00000, 0x0000000082b00000| Untracked 
|   6|0x0000000082c00000, 0x0000000082d00000, 0x0000000082d00000|100%|HS|  |TAMS 0x0000000082d00000, 0x0000000082c00000| Complete 
|   7|0x0000000082d00000, 0x0000000082e00000, 0x0000000082e00000|100%|HC|  |TAMS 0x0000000082e00000, 0x0000000082d00000| Complete 
|   8|0x0000000082e00000, 0x0000000082f00000, 0x0000000082f00000|100%|HC|  |TAMS 0x0000000082f00000, 0x0000000082e00000| Complete 
|   9|0x0000000082f00000, 0x0000000083000000, 0x0000000083000000|100%|HC|  |TAMS 0x0000000083000000, 0x0000000082f00000| Complete 
|  10|0x0000000083000000, 0x0000000083100000, 0x0000000083100000|100%|HS|  |TAMS 0x0000000083100000, 0x0000000083000000| Complete 
|  11|0x0000000083100000, 0x0000000083200000, 0x0000000083200000|100%|HC|  |TAMS 0x0000000083200000, 0x0000000083100000| Complete 
|  12|0x0000000083200000, 0x0000000083300000, 0x0000000083300000|100%|HC|  |TAMS 0x0000000083300000, 0x0000000083200000| Complete 
|  13|0x0000000083300000, 0x0000000083400000, 0x0000000083400000|100%|HC|  |TAMS 0x0000000083400000, 0x0000000083300000| Complete 
|  14|0x0000000083400000, 0x0000000083500000, 0x0000000083500000|100%|HS|  |TAMS 0x0000000083500000, 0x0000000083400000| Complete 
|  15|0x0000000083500000, 0x0000000083600000, 0x0000000083600000|100%|HC|  |TAMS 0x0000000083600000, 0x0000000083500000| Complete 
|  16|0x0000000083600000, 0x0000000083700000, 0x0000000083700000|100%|HC|  |TAMS 0x0000000083700000, 0x0000000083600000| Complete 
|  17|0x0000000083700000, 0x0000000083800000, 0x0000000083800000|100%|HC|  |TAMS 0x0000000083800000, 0x0000000083700000| Complete 
|  18|0x0000000083800000, 0x0000000083900000, 0x0000000083900000|100%|HS|  |TAMS 0x0000000083900000, 0x0000000083800000| Complete 
|  19|0x0000000083900000, 0x0000000083a00000, 0x0000000083a00000|100%|HC|  |TAMS 0x0000000083a00000, 0x0000000083900000| Complete 
|  20|0x0000000083a00000, 0x0000000083b00000, 0x0000000083b00000|100%|HC|  |TAMS 0x0000000083b00000, 0x0000000083a00000| Complete 
|  21|0x0000000083b00000, 0x0000000083c00000, 0x0000000083c00000|100%|HC|  |TAMS 0x0000000083c00000, 0x0000000083b00000| Complete 
|  22|0x0000000083c00000, 0x0000000083d00000, 0x0000000083d00000|100%|HS|  |TAMS 0x0000000083d00000, 0x0000000083c00000| Complete 
|  23|0x0000000083d00000, 0x0000000083e00000, 0x0000000083e00000|100%|HC|  |TAMS 0x0000000083e00000, 0x0000000083d00000| Complete 
|  24|0x0000000083e00000, 0x0000000083f00000, 0x0000000083f00000|100%|HC|  |TAMS 0x0000000083f00000, 0x0000000083e00000| Complete 
|  25|0x0000000083f00000, 0x0000000084000000, 0x0000000084000000|100%|HC|  |TAMS 0x0000000084000000, 0x0000000083f00000| Complete 
|  26|0x0000000084000000, 0x0000000084100000, 0x0000000084100000|100%|HS|  |TAMS 0x0000000084100000, 0x0000000084000000| Complete 
|  27|0x0000000084100000, 0x0000000084200000, 0x0000000084200000|100%|HC|  |TAMS 0x0000000084200000, 0x0000000084100000| Complete 
|  28|0x0000000084200000, 0x0000000084300000, 0x0000000084300000|100%|HC|  |TAMS 0x0000000084300000, 0x0000000084200000| Complete 
|  29|0x0000000084300000, 0x0000000084400000, 0x0000000084400000|100%|HS|  |TAMS 0x0000000084400000, 0x0000000084300000| Complete 
|  30|0x0000000084400000, 0x0000000084500000, 0x0000000084500000|100%|HC|  |TAMS 0x0000000084500000, 0x0000000084400000| Complete 
|  31|0x0000000084500000, 0x0000000084600000, 0x0000000084600000|100%|HC|  |TAMS 0x0000000084600000, 0x0000000084500000| Complete 
|  32|0x0000000084600000, 0x0000000084700000, 0x0000000084700000|100%|HS|  |TAMS 0x0000000084700000, 0x0000000084600000| Complete 
|  33|0x0000000084700000, 0x0000000084800000, 0x0000000084800000|100%| O|  |TAMS 0x0000000084800000, 0x0000000084700000| Untracked 
|  34|0x0000000084800000, 0x0000000084900000, 0x0000000084900000|100%| O|  |TAMS 0x0000000084900000, 0x0000000084800000| Untracked 
|  35|0x0000000084900000, 0x0000000084a00000, 0x0000000084a00000|100%| O|  |TAMS 0x0000000084a00000, 0x0000000084900000| Untracked 
|  36|0x0000000084a00000, 0x0000000084b00000, 0x0000000084b00000|100%| O|  |TAMS 0x0000000084b00000, 0x0000000084a00000| Untracked 
|  37|0x0000000084b00000, 0x0000000084c00000, 0x0000000084c00000|100%| O|  |TAMS 0x0000000084c00000, 0x0000000084b00000| Untracked 
|  38|0x0000000084c00000, 0x0000000084d00000, 0x0000000084d00000|100%|HS|  |TAMS 0x0000000084d00000, 0x0000000084c00000| Complete 
|  39|0x0000000084d00000, 0x0000000084e00000, 0x0000000084e00000|100%|HC|  |TAMS 0x0000000084e00000, 0x0000000084d00000| Complete 
|  40|0x0000000084e00000, 0x0000000084f00000, 0x0000000084f00000|100%| O|  |TAMS 0x0000000084f00000, 0x0000000084e00000| Untracked 
|  41|0x0000000084f00000, 0x0000000085000000, 0x0000000085000000|100%| O|  |TAMS 0x0000000085000000, 0x0000000084f00000| Untracked 
|  42|0x0000000085000000, 0x0000000085100000, 0x0000000085100000|100%| O|  |TAMS 0x0000000085100000, 0x0000000085000000| Untracked 
|  43|0x0000000085100000, 0x0000000085200000, 0x0000000085200000|100%| O|  |TAMS 0x0000000085200000, 0x0000000085100000| Untracked 
|  44|0x0000000085200000, 0x0000000085300000, 0x0000000085300000|100%| O|  |TAMS 0x0000000085300000, 0x0000000085200000| Untracked 
|  45|0x0000000085300000, 0x0000000085400000, 0x0000000085400000|100%| O|  |TAMS 0x0000000085400000, 0x0000000085300000| Untracked 
|  46|0x0000000085400000, 0x0000000085500000, 0x0000000085500000|100%| O|  |TAMS 0x0000000085500000, 0x0000000085400000| Untracked 
|  47|0x0000000085500000, 0x0000000085600000, 0x0000000085600000|100%| O|  |TAMS 0x0000000085600000, 0x0000000085500000| Untracked 
|  48|0x0000000085600000, 0x0000000085700000, 0x0000000085700000|100%| O|  |TAMS 0x0000000085700000, 0x0000000085600000| Untracked 
|  49|0x0000000085700000, 0x0000000085800000, 0x0000000085800000|100%| O|  |TAMS 0x0000000085800000, 0x0000000085700000| Untracked 
|  50|0x0000000085800000, 0x0000000085900000, 0x0000000085900000|100%| O|  |TAMS 0x0000000085900000, 0x0000000085800000| Untracked 
|  51|0x0000000085900000, 0x0000000085a00000, 0x0000000085a00000|100%| O|  |TAMS 0x0000000085a00000, 0x0000000085900000| Untracked 
|  52|0x0000000085a00000, 0x0000000085b00000, 0x0000000085b00000|100%| O|  |TAMS 0x0000000085b00000, 0x0000000085a00000| Untracked 
|  53|0x0000000085b00000, 0x0000000085c00000, 0x0000000085c00000|100%| O|  |TAMS 0x0000000085c00000, 0x0000000085b00000| Untracked 
|  54|0x0000000085c00000, 0x0000000085d00000, 0x0000000085d00000|100%| O|  |TAMS 0x0000000085d00000, 0x0000000085c00000| Untracked 
|  55|0x0000000085d00000, 0x0000000085e00000, 0x0000000085e00000|100%| O|  |TAMS 0x0000000085e00000, 0x0000000085d00000| Untracked 
|  56|0x0000000085e00000, 0x0000000085effff8, 0x0000000085f00000| 99%| O|  |TAMS 0x0000000085effff8, 0x0000000085e00000| Untracked 
|  57|0x0000000085f00000, 0x0000000086000000, 0x0000000086000000|100%| O|  |TAMS 0x0000000086000000, 0x0000000085f00000| Untracked 
|  58|0x0000000086000000, 0x0000000086100000, 0x0000000086100000|100%| O|  |TAMS 0x0000000086100000, 0x0000000086000000| Untracked 
|  59|0x0000000086100000, 0x0000000086200000, 0x0000000086200000|100%| O|  |TAMS 0x0000000086200000, 0x0000000086100000| Untracked 
|  60|0x0000000086200000, 0x0000000086300000, 0x0000000086300000|100%| O|  |TAMS 0x0000000086300000, 0x0000000086200000| Untracked 
|  61|0x0000000086300000, 0x0000000086400000, 0x0000000086400000|100%| O|  |TAMS 0x0000000086400000, 0x0000000086300000| Untracked 
|  62|0x0000000086400000, 0x0000000086500000, 0x0000000086500000|100%| O|  |TAMS 0x000000008647c800, 0x0000000086400000| Untracked 
|  63|0x0000000086500000, 0x0000000086600000, 0x0000000086600000|100%| O|  |TAMS 0x0000000086500000, 0x0000000086500000| Untracked 
|  64|0x0000000086600000, 0x0000000086700000, 0x0000000086700000|100%| O|  |TAMS 0x0000000086600000, 0x0000000086600000| Untracked 
|  65|0x0000000086700000, 0x0000000086800000, 0x0000000086800000|100%| O|  |TAMS 0x0000000086700000, 0x0000000086700000| Untracked 
|  66|0x0000000086800000, 0x0000000086814e00, 0x0000000086900000|  8%| O|  |TAMS 0x0000000086800000, 0x0000000086800000| Untracked 
|  67|0x0000000086900000, 0x0000000086900000, 0x0000000086a00000|  0%| F|  |TAMS 0x0000000086900000, 0x0000000086900000| Untracked 
|  68|0x0000000086a00000, 0x0000000086a00000, 0x0000000086b00000|  0%| F|  |TAMS 0x0000000086a00000, 0x0000000086a00000| Untracked 
|  69|0x0000000086b00000, 0x0000000086b00000, 0x0000000086c00000|  0%| F|  |TAMS 0x0000000086b00000, 0x0000000086b00000| Untracked 
|  70|0x0000000086c00000, 0x0000000086c00000, 0x0000000086d00000|  0%| F|  |TAMS 0x0000000086c00000, 0x0000000086c00000| Untracked 
|  71|0x0000000086d00000, 0x0000000086d00000, 0x0000000086e00000|  0%| F|  |TAMS 0x0000000086d00000, 0x0000000086d00000| Untracked 
|  72|0x0000000086e00000, 0x0000000086e00000, 0x0000000086f00000|  0%| F|  |TAMS 0x0000000086e00000, 0x0000000086e00000| Untracked 
|  73|0x0000000086f00000, 0x0000000086f00000, 0x0000000087000000|  0%| F|  |TAMS 0x0000000086f00000, 0x0000000086f00000| Untracked 
|  74|0x0000000087000000, 0x0000000087000000, 0x0000000087100000|  0%| F|  |TAMS 0x0000000087000000, 0x0000000087000000| Untracked 
|  75|0x0000000087100000, 0x0000000087100000, 0x0000000087200000|  0%| F|  |TAMS 0x0000000087100000, 0x0000000087100000| Untracked 
|  76|0x0000000087200000, 0x0000000087200000, 0x0000000087300000|  0%| F|  |TAMS 0x0000000087200000, 0x0000000087200000| Untracked 
|  77|0x0000000087300000, 0x0000000087300000, 0x0000000087400000|  0%| F|  |TAMS 0x0000000087300000, 0x0000000087300000| Untracked 
|  78|0x0000000087400000, 0x0000000087400000, 0x0000000087500000|  0%| F|  |TAMS 0x0000000087400000, 0x0000000087400000| Untracked 
|  79|0x0000000087500000, 0x0000000087500000, 0x0000000087600000|  0%| F|  |TAMS 0x0000000087500000, 0x0000000087500000| Untracked 
|  80|0x0000000087600000, 0x0000000087600000, 0x0000000087700000|  0%| F|  |TAMS 0x0000000087600000, 0x0000000087600000| Untracked 
|  81|0x0000000087700000, 0x0000000087700000, 0x0000000087800000|  0%| F|  |TAMS 0x0000000087700000, 0x0000000087700000| Untracked 
|  82|0x0000000087800000, 0x0000000087800000, 0x0000000087900000|  0%| F|  |TAMS 0x0000000087800000, 0x0000000087800000| Untracked 
|  83|0x0000000087900000, 0x0000000087900000, 0x0000000087a00000|  0%| F|  |TAMS 0x0000000087900000, 0x0000000087900000| Untracked 
|  84|0x0000000087a00000, 0x0000000087a00000, 0x0000000087b00000|  0%| F|  |TAMS 0x0000000087a00000, 0x0000000087a00000| Untracked 
|  85|0x0000000087b00000, 0x0000000087b00000, 0x0000000087c00000|  0%| F|  |TAMS 0x0000000087b00000, 0x0000000087b00000| Untracked 
|  86|0x0000000087c00000, 0x0000000087c00000, 0x0000000087d00000|  0%| F|  |TAMS 0x0000000087c00000, 0x0000000087c00000| Untracked 
|  87|0x0000000087d00000, 0x0000000087d00000, 0x0000000087e00000|  0%| F|  |TAMS 0x0000000087d00000, 0x0000000087d00000| Untracked 
|  88|0x0000000087e00000, 0x0000000087e00000, 0x0000000087f00000|  0%| F|  |TAMS 0x0000000087e00000, 0x0000000087e00000| Untracked 
|  89|0x0000000087f00000, 0x0000000087fbed20, 0x0000000088000000| 74%| S|CS|TAMS 0x0000000087f00000, 0x0000000087f00000| Complete 
|  90|0x0000000088000000, 0x0000000088000000, 0x0000000088100000|  0%| F|  |TAMS 0x0000000088000000, 0x0000000088000000| Untracked 
|  91|0x0000000088100000, 0x0000000088100000, 0x0000000088200000|  0%| F|  |TAMS 0x0000000088100000, 0x0000000088100000| Untracked 
|  92|0x0000000088200000, 0x0000000088300000, 0x0000000088300000|100%| S|CS|TAMS 0x0000000088200000, 0x0000000088200000| Complete 
|  93|0x0000000088300000, 0x0000000088400000, 0x0000000088400000|100%| S|CS|TAMS 0x0000000088300000, 0x0000000088300000| Complete 
|  94|0x0000000088400000, 0x0000000088500000, 0x0000000088500000|100%| S|CS|TAMS 0x0000000088400000, 0x0000000088400000| Complete 
|  95|0x0000000088500000, 0x0000000088600000, 0x0000000088600000|100%| S|CS|TAMS 0x0000000088500000, 0x0000000088500000| Complete 
|  96|0x0000000088600000, 0x0000000088600000, 0x0000000088700000|  0%| F|  |TAMS 0x0000000088600000, 0x0000000088600000| Untracked 
|  97|0x0000000088700000, 0x0000000088700000, 0x0000000088800000|  0%| F|  |TAMS 0x0000000088700000, 0x0000000088700000| Untracked 
|  98|0x0000000088800000, 0x0000000088800000, 0x0000000088900000|  0%| F|  |TAMS 0x0000000088800000, 0x0000000088800000| Untracked 
|  99|0x0000000088900000, 0x0000000088900000, 0x0000000088a00000|  0%| F|  |TAMS 0x0000000088900000, 0x0000000088900000| Untracked 
| 100|0x0000000088a00000, 0x0000000088a00000, 0x0000000088b00000|  0%| F|  |TAMS 0x0000000088a00000, 0x0000000088a00000| Untracked 
| 101|0x0000000088b00000, 0x0000000088b00000, 0x0000000088c00000|  0%| F|  |TAMS 0x0000000088b00000, 0x0000000088b00000| Untracked 
| 102|0x0000000088c00000, 0x0000000088c00000, 0x0000000088d00000|  0%| F|  |TAMS 0x0000000088c00000, 0x0000000088c00000| Untracked 
| 103|0x0000000088d00000, 0x0000000088d00000, 0x0000000088e00000|  0%| F|  |TAMS 0x0000000088d00000, 0x0000000088d00000| Untracked 
| 104|0x0000000088e00000, 0x0000000088e00000, 0x0000000088f00000|  0%| F|  |TAMS 0x0000000088e00000, 0x0000000088e00000| Untracked 
| 105|0x0000000088f00000, 0x0000000088f00000, 0x0000000089000000|  0%| F|  |TAMS 0x0000000088f00000, 0x0000000088f00000| Untracked 
| 106|0x0000000089000000, 0x0000000089000000, 0x0000000089100000|  0%| F|  |TAMS 0x0000000089000000, 0x0000000089000000| Untracked 
| 107|0x0000000089100000, 0x0000000089100000, 0x0000000089200000|  0%| F|  |TAMS 0x0000000089100000, 0x0000000089100000| Untracked 
| 108|0x0000000089200000, 0x0000000089200000, 0x0000000089300000|  0%| F|  |TAMS 0x0000000089200000, 0x0000000089200000| Untracked 
| 109|0x0000000089300000, 0x0000000089300000, 0x0000000089400000|  0%| F|  |TAMS 0x0000000089300000, 0x0000000089300000| Untracked 
| 110|0x0000000089400000, 0x0000000089400000, 0x0000000089500000|  0%| F|  |TAMS 0x0000000089400000, 0x0000000089400000| Untracked 
| 111|0x0000000089500000, 0x0000000089500000, 0x0000000089600000|  0%| F|  |TAMS 0x0000000089500000, 0x0000000089500000| Untracked 
| 112|0x0000000089600000, 0x0000000089600000, 0x0000000089700000|  0%| F|  |TAMS 0x0000000089600000, 0x0000000089600000| Untracked 
| 113|0x0000000089700000, 0x0000000089700000, 0x0000000089800000|  0%| F|  |TAMS 0x0000000089700000, 0x0000000089700000| Untracked 
| 114|0x0000000089800000, 0x0000000089800000, 0x0000000089900000|  0%| F|  |TAMS 0x0000000089800000, 0x0000000089800000| Untracked 
| 115|0x0000000089900000, 0x0000000089900000, 0x0000000089a00000|  0%| F|  |TAMS 0x0000000089900000, 0x0000000089900000| Untracked 
| 116|0x0000000089a00000, 0x0000000089a00000, 0x0000000089b00000|  0%| F|  |TAMS 0x0000000089a00000, 0x0000000089a00000| Untracked 
| 117|0x0000000089b00000, 0x0000000089b00000, 0x0000000089c00000|  0%| F|  |TAMS 0x0000000089b00000, 0x0000000089b00000| Untracked 
| 118|0x0000000089c00000, 0x0000000089c00000, 0x0000000089d00000|  0%| F|  |TAMS 0x0000000089c00000, 0x0000000089c00000| Untracked 
| 119|0x0000000089d00000, 0x0000000089d00000, 0x0000000089e00000|  0%| F|  |TAMS 0x0000000089d00000, 0x0000000089d00000| Untracked 
| 120|0x0000000089e00000, 0x0000000089e00000, 0x0000000089f00000|  0%| F|  |TAMS 0x0000000089e00000, 0x0000000089e00000| Untracked 
| 121|0x0000000089f00000, 0x0000000089f00000, 0x000000008a000000|  0%| F|  |TAMS 0x0000000089f00000, 0x0000000089f00000| Untracked 
| 122|0x000000008a000000, 0x000000008a000000, 0x000000008a100000|  0%| F|  |TAMS 0x000000008a000000, 0x000000008a000000| Untracked 
| 123|0x000000008a100000, 0x000000008a100000, 0x000000008a200000|  0%| F|  |TAMS 0x000000008a100000, 0x000000008a100000| Untracked 
| 124|0x000000008a200000, 0x000000008a200000, 0x000000008a300000|  0%| F|  |TAMS 0x000000008a200000, 0x000000008a200000| Untracked 
| 125|0x000000008a300000, 0x000000008a300000, 0x000000008a400000|  0%| F|  |TAMS 0x000000008a300000, 0x000000008a300000| Untracked 
| 126|0x000000008a400000, 0x000000008a400000, 0x000000008a500000|  0%| F|  |TAMS 0x000000008a400000, 0x000000008a400000| Untracked 
| 127|0x000000008a500000, 0x000000008a500000, 0x000000008a600000|  0%| F|  |TAMS 0x000000008a500000, 0x000000008a500000| Untracked 
| 128|0x000000008a600000, 0x000000008a600000, 0x000000008a700000|  0%| F|  |TAMS 0x000000008a600000, 0x000000008a600000| Untracked 
| 129|0x000000008a700000, 0x000000008a700000, 0x000000008a800000|  0%| F|  |TAMS 0x000000008a700000, 0x000000008a700000| Untracked 
| 130|0x000000008a800000, 0x000000008a800000, 0x000000008a900000|  0%| F|  |TAMS 0x000000008a800000, 0x000000008a800000| Untracked 
| 131|0x000000008a900000, 0x000000008a900000, 0x000000008aa00000|  0%| F|  |TAMS 0x000000008a900000, 0x000000008a900000| Untracked 
| 132|0x000000008aa00000, 0x000000008aa00000, 0x000000008ab00000|  0%| F|  |TAMS 0x000000008aa00000, 0x000000008aa00000| Untracked 
| 133|0x000000008ab00000, 0x000000008ab00000, 0x000000008ac00000|  0%| F|  |TAMS 0x000000008ab00000, 0x000000008ab00000| Untracked 
| 134|0x000000008ac00000, 0x000000008ac00000, 0x000000008ad00000|  0%| F|  |TAMS 0x000000008ac00000, 0x000000008ac00000| Untracked 
| 135|0x000000008ad00000, 0x000000008ad00000, 0x000000008ae00000|  0%| F|  |TAMS 0x000000008ad00000, 0x000000008ad00000| Untracked 
| 136|0x000000008ae00000, 0x000000008ae00000, 0x000000008af00000|  0%| F|  |TAMS 0x000000008ae00000, 0x000000008ae00000| Untracked 
| 137|0x000000008af00000, 0x000000008af00000, 0x000000008b000000|  0%| F|  |TAMS 0x000000008af00000, 0x000000008af00000| Untracked 
| 138|0x000000008b000000, 0x000000008b000000, 0x000000008b100000|  0%| F|  |TAMS 0x000000008b000000, 0x000000008b000000| Untracked 
| 139|0x000000008b100000, 0x000000008b100000, 0x000000008b200000|  0%| F|  |TAMS 0x000000008b100000, 0x000000008b100000| Untracked 
| 140|0x000000008b200000, 0x000000008b200000, 0x000000008b300000|  0%| F|  |TAMS 0x000000008b200000, 0x000000008b200000| Untracked 
| 141|0x000000008b300000, 0x000000008b300000, 0x000000008b400000|  0%| F|  |TAMS 0x000000008b300000, 0x000000008b300000| Untracked 
| 142|0x000000008b400000, 0x000000008b400000, 0x000000008b500000|  0%| F|  |TAMS 0x000000008b400000, 0x000000008b400000| Untracked 
| 143|0x000000008b500000, 0x000000008b500000, 0x000000008b600000|  0%| F|  |TAMS 0x000000008b500000, 0x000000008b500000| Untracked 
| 144|0x000000008b600000, 0x000000008b600000, 0x000000008b700000|  0%| F|  |TAMS 0x000000008b600000, 0x000000008b600000| Untracked 
| 145|0x000000008b700000, 0x000000008b700000, 0x000000008b800000|  0%| F|  |TAMS 0x000000008b700000, 0x000000008b700000| Untracked 
| 146|0x000000008b800000, 0x000000008b800000, 0x000000008b900000|  0%| F|  |TAMS 0x000000008b800000, 0x000000008b800000| Untracked 
| 147|0x000000008b900000, 0x000000008b900000, 0x000000008ba00000|  0%| F|  |TAMS 0x000000008b900000, 0x000000008b900000| Untracked 
| 148|0x000000008ba00000, 0x000000008ba00000, 0x000000008bb00000|  0%| F|  |TAMS 0x000000008ba00000, 0x000000008ba00000| Untracked 
| 149|0x000000008bb00000, 0x000000008bb00000, 0x000000008bc00000|  0%| F|  |TAMS 0x000000008bb00000, 0x000000008bb00000| Untracked 
| 150|0x000000008bc00000, 0x000000008bc00000, 0x000000008bd00000|  0%| F|  |TAMS 0x000000008bc00000, 0x000000008bc00000| Untracked 
| 151|0x000000008bd00000, 0x000000008bd00000, 0x000000008be00000|  0%| F|  |TAMS 0x000000008bd00000, 0x000000008bd00000| Untracked 

Card table byte_map: [0x000000001b040000,0x000000001b430000] _byte_map_base: 0x000000001ac2d000

Marking Bits (Prev, Next): (CMBitMap*) 0x0000000002ae2340, (CMBitMap*) 0x0000000002ae2308
 Prev Bits: [0x000000001d790000, 0x000000001f6f8000)
 Next Bits: [0x000000001b820000, 0x000000001d788000)

Polling page: 0x00000000001f0000

Metaspace:

Usage:
  Non-class:     41.69 MB capacity,    40.40 MB ( 97%) used,     1.04 MB (  2%) free+waste,   253.81 KB ( <1%) overhead. 
      Class:      7.32 MB capacity,     6.40 MB ( 87%) used,   814.35 KB ( 11%) free+waste,   131.25 KB (  2%) overhead. 
       Both:     49.00 MB capacity,    46.80 MB ( 95%) used,     1.83 MB (  4%) free+waste,   385.06 KB ( <1%) overhead. 

Virtual space:
  Non-class space:       42.00 MB reserved,      41.75 MB (>99%) committed 
      Class space:        1.00 GB reserved,       7.33 MB ( <1%) committed 
             Both:        1.04 GB reserved,      49.08 MB (  5%) committed 

Chunk freelists:
   Non-Class:  7.75 KB
       Class:  896 bytes
        Both:  8.63 KB

CodeHeap 'non-profiled nmethods': size=120000Kb used=2240Kb max_used=2240Kb free=117759Kb
 bounds [0x00000000128a0000, 0x0000000012b10000, 0x0000000019dd0000]
CodeHeap 'profiled nmethods': size=120000Kb used=8500Kb max_used=8500Kb free=111499Kb
 bounds [0x000000000b370000, 0x000000000bbd0000, 0x00000000128a0000]
CodeHeap 'non-nmethods': size=5760Kb used=1503Kb max_used=1554Kb free=4256Kb
 bounds [0x000000000add0000, 0x000000000b040000, 0x000000000b370000]
 total_blobs=6522 nmethods=4279 adapters=927
 compilation: enabled
              stopped_count=0, restarted_count=0
 full_count=0

Compilation events (10 events):
Event: 13.635 Thread 0x0000000022834800 4622   !   2       sun.nio.ch.FileChannelImpl::fileLockTable (85 bytes)
Event: 13.637 Thread 0x0000000022834800 nmethod 4622 0x000000000bbc1690 code [0x000000000bbc18c0, 0x000000000bbc2150]
Event: 13.645 Thread 0x0000000022834800 4623  s    2       sun.nio.ch.FileLockImpl::release (78 bytes)
Event: 13.647 Thread 0x0000000022834800 nmethod 4623 0x000000000bbc2610 code [0x000000000bbc2820, 0x000000000bbc2e50]
Event: 13.647 Thread 0x0000000022834800 4624       2       sun.nio.ch.FileLockImpl::isValid (13 bytes)
Event: 13.647 Thread 0x0000000022834800 nmethod 4624 0x000000000bbc3090 code [0x000000000bbc3240, 0x000000000bbc33b8]
Event: 13.647 Thread 0x0000000022834800 4625       2       sun.nio.ch.FileDispatcherImpl::release (8 bytes)
Event: 13.647 Thread 0x0000000022834800 nmethod 4625 0x000000000bbc3490 code [0x000000000bbc3640, 0x000000000bbc37b0]
Event: 13.648 Thread 0x00000000313d6000 nmethod 4605 0x0000000012acd490 code [0x0000000012acd720, 0x0000000012acf610]
Event: 13.648 Thread 0x00000000313d6000 4616       4       io.github.classgraph.utils.InputStreamOrByteBufferAdapter::readInitialChunk (50 bytes)

GC Heap History (10 events):
Event: 13.246 GC heap after
{Heap after GC invocations=15 (full 0):
 garbage-first heap   total 129024K, used 70135K [0x0000000082600000, 0x0000000100000000)
  region size 1024K, 3 young (3072K), 3 survivors (3072K)
 Metaspace       used 47917K, capacity 50180K, committed 50256K, reserved 1091584K
  class space    used 6548K, capacity 7495K, committed 7508K, reserved 1048576K
}
Event: 13.300 GC heap before
{Heap before GC invocations=16 (full 0):
 garbage-first heap   total 129024K, used 103927K [0x0000000082600000, 0x0000000100000000)
  region size 1024K, 38 young (38912K), 3 survivors (3072K)
 Metaspace       used 47918K, capacity 50181K, committed 50256K, reserved 1091584K
  class space    used 6548K, capacity 7495K, committed 7508K, reserved 1048576K
}
Event: 13.309 GC heap after
{Heap after GC invocations=17 (full 0):
 garbage-first heap   total 155648K, used 70481K [0x0000000082600000, 0x0000000100000000)
  region size 1024K, 3 young (3072K), 3 survivors (3072K)
 Metaspace       used 47918K, capacity 50181K, committed 50256K, reserved 1091584K
  class space    used 6548K, capacity 7495K, committed 7508K, reserved 1048576K
}
Event: 13.389 GC heap before
{Heap before GC invocations=17 (full 0):
 garbage-first heap   total 155648K, used 118609K [0x0000000082600000, 0x0000000100000000)
  region size 1024K, 52 young (53248K), 3 survivors (3072K)
 Metaspace       used 47918K, capacity 50181K, committed 50256K, reserved 1091584K
  class space    used 6548K, capacity 7495K, committed 7508K, reserved 1048576K
}
Event: 13.397 GC heap after
{Heap after GC invocations=18 (full 0):
 garbage-first heap   total 155648K, used 71190K [0x0000000082600000, 0x0000000100000000)
  region size 1024K, 4 young (4096K), 4 survivors (4096K)
 Metaspace       used 47918K, capacity 50181K, committed 50256K, reserved 1091584K
  class space    used 6548K, capacity 7495K, committed 7508K, reserved 1048576K
}
Event: 13.486 GC heap before
{Heap before GC invocations=18 (full 0):
 garbage-first heap   total 155648K, used 122390K [0x0000000082600000, 0x0000000100000000)
  region size 1024K, 56 young (57344K), 4 survivors (4096K)
 Metaspace       used 47918K, capacity 50181K, committed 50256K, reserved 1091584K
  class space    used 6548K, capacity 7495K, committed 7508K, reserved 1048576K
}
Event: 13.494 GC heap after
{Heap after GC invocations=19 (full 0):
 garbage-first heap   total 155648K, used 71378K [0x0000000082600000, 0x0000000100000000)
  region size 1024K, 4 young (4096K), 4 survivors (4096K)
 Metaspace       used 47918K, capacity 50181K, committed 50256K, reserved 1091584K
  class space    used 6548K, capacity 7495K, committed 7508K, reserved 1048576K
}
Event: 13.569 GC heap before
{Heap before GC invocations=19 (full 0):
 garbage-first heap   total 155648K, used 124626K [0x0000000082600000, 0x0000000100000000)
  region size 1024K, 57 young (58368K), 4 survivors (4096K)
 Metaspace       used 47918K, capacity 50181K, committed 50256K, reserved 1091584K
  class space    used 6548K, capacity 7495K, committed 7508K, reserved 1048576K
}
Event: 13.579 GC heap after
{Heap after GC invocations=20 (full 0):
 garbage-first heap   total 155648K, used 72024K [0x0000000082600000, 0x0000000100000000)
  region size 1024K, 5 young (5120K), 5 survivors (5120K)
 Metaspace       used 47918K, capacity 50181K, committed 50256K, reserved 1091584K
  class space    used 6548K, capacity 7495K, committed 7508K, reserved 1048576K
}
Event: 13.660 GC heap before
{Heap before GC invocations=20 (full 0):
 garbage-first heap   total 155648K, used 125272K [0x0000000082600000, 0x0000000100000000)
  region size 1024K, 58 young (59392K), 5 survivors (5120K)
 Metaspace       used 47919K, capacity 50181K, committed 50256K, reserved 1091584K
  class space    used 6549K, capacity 7495K, committed 7508K, reserved 1048576K
}

Deoptimization events (10 events):
Event: 12.738 Thread 0x0000000026bd0800 Uncommon trap: reason=profile_predicate action=maybe_recompile pc=0x0000000012a9d578 method=jdk.internal.jimage.ImageStringsReader.charsFromByteBuffer([CLjava/nio/ByteBuffer;)V @ 6 c2
Event: 12.738 Thread 0x0000000026bd0800 Uncommon trap: reason=profile_predicate action=maybe_recompile pc=0x0000000012a9d578 method=jdk.internal.jimage.ImageStringsReader.charsFromByteBuffer([CLjava/nio/ByteBuffer;)V @ 6 c2
Event: 12.739 Thread 0x0000000026bd0800 Uncommon trap: reason=profile_predicate action=maybe_recompile pc=0x0000000012aa0054 method=jdk.internal.jimage.ImageStringsReader.charsFromByteBuffer([CLjava/nio/ByteBuffer;)V @ 6 c2
Event: 13.160 Thread 0x0000000026bd2800 Uncommon trap: reason=class_check action=maybe_recompile pc=0x0000000012a84218 method=io.github.classgraph.Resource$InputStreamResourceCloser.read([BII)I @ 24 c2
Event: 13.160 Thread 0x0000000026bd1800 Uncommon trap: reason=class_check action=maybe_recompile pc=0x0000000012a84218 method=io.github.classgraph.Resource$InputStreamResourceCloser.read([BII)I @ 24 c2
Event: 13.160 Thread 0x0000000026bd2800 Uncommon trap: reason=class_check action=maybe_recompile pc=0x0000000012a84218 method=io.github.classgraph.Resource$InputStreamResourceCloser.read([BII)I @ 24 c2
Event: 13.160 Thread 0x0000000026bd0800 Uncommon trap: reason=class_check action=maybe_recompile pc=0x0000000012a84218 method=io.github.classgraph.Resource$InputStreamResourceCloser.read([BII)I @ 24 c2
Event: 13.160 Thread 0x0000000026bd1800 Uncommon trap: reason=class_check action=maybe_recompile pc=0x0000000012a84218 method=io.github.classgraph.Resource$InputStreamResourceCloser.read([BII)I @ 24 c2
Event: 13.337 Thread 0x0000000026bd7000 Uncommon trap: reason=unstable_if action=reinterpret pc=0x0000000012aa5af0 method=io.github.classgraph.utils.InputStreamOrByteBufferAdapter.readUnsignedByte()I @ 10 c2
Event: 13.511 Thread 0x0000000026bd4800 Uncommon trap: reason=unstable_if action=reinterpret pc=0x0000000012a82d54 method=java.util.concurrent.ConcurrentLinkedQueue.offer(Ljava/lang/Object;)Z @ 77 c2

Classes redefined (0 events):
No events

Internal exceptions (10 events):
Event: 9.912 Thread 0x0000000025097800 Exception <a 'java/io/FileNotFoundException'{0x0000000088755ac8}> (0x0000000088755ac8) thrown at [t:/workspace/open/src/hotspot/share/prims/jni.cpp, line 615]
Event: 10.016 Thread 0x0000000025097800 Exception <a 'java/io/FileNotFoundException'{0x0000000088084280}> (0x0000000088084280) thrown at [t:/workspace/open/src/hotspot/share/prims/jni.cpp, line 615]
Event: 10.743 Thread 0x0000000025097800 Exception <a 'java/lang/NoSuchMethodError'{0x0000000087445f80}: java.lang.invoke.DirectMethodHandle$Holder.invokeStatic(Ljava/lang/Object;Ljava/lang/Object;)D> (0x0000000087445f80) thrown at [t:/workspace/open/src/hotspot/share/interpreter/linkResolver.cp
Event: 10.765 Thread 0x0000000025097800 Implicit null exception at 0x00000000129edb70 to 0x00000000129edbf6
Event: 10.772 Thread 0x0000000025097800 Exception <a 'java/lang/NoSuchMethodError'{0x000000008747a468}: java.lang.invoke.DirectMethodHandle$Holder.invokeStatic(Ljava/lang/Object;Ljava/lang/Object;D)V> (0x000000008747a468) thrown at [t:/workspace/open/src/hotspot/share/interpreter/linkResolver.c
Event: 11.115 Thread 0x0000000025097800 Exception <a 'java/lang/NoSuchMethodError'{0x000000008a290790}: java.lang.invoke.DirectMethodHandle$Holder.invokeStatic(Ljava/lang/Object;Ljava/lang/Object;I)V> (0x000000008a290790) thrown at [t:/workspace/open/src/hotspot/share/interpreter/linkResolver.c
Event: 11.161 Thread 0x0000000030dd0800 Exception <a 'java/lang/NoSuchMethodError'{0x000000008a1b1f00}: java.lang.invoke.DirectMethodHandle$Holder.invokeSpecialIFC(Ljava/lang/Object;Ljava/lang/Object;I)I> (0x000000008a1b1f00) thrown at [t:/workspace/open/src/hotspot/share/interpreter/linkResolv
Event: 11.894 Thread 0x000000002507b800 Exception <a 'java/lang/NoSuchMethodError'{0x000000008a3c2680}: java.lang.invoke.DirectMethodHandle$Holder.invokeStaticInit(Ljava/lang/Object;I)Ljava/lang/Object;> (0x000000008a3c2680) thrown at [t:/workspace/open/src/hotspot/share/interpreter/linkResolve
Event: 12.405 Thread 0x0000000026bd2800 Exception <a 'java/lang/NoSuchMethodError'{0x00000000881077a8}: java.lang.invoke.DirectMethodHandle$Holder.invokeStaticInit(Ljava/lang/Object;Ljava/lang/Object;Ljava/lang/Object;Ljava/lang/Object;)I> (0x00000000881077a8) thrown at [t:/workspace/open/src/h
Event: 12.406 Thread 0x0000000026bd2800 Exception <a 'java/lang/IncompatibleClassChangeError'{0x0000000088112438}: Found class java.lang.Object, but interface was expected> (0x0000000088112438) thrown at [t:/workspace/open/src/hotspot/share/interpreter/linkResolver.cpp, line 838]

Events (10 events):
Event: 13.481 Executing VM operation: G1CollectForAllocation
Event: 13.481 Executing VM operation: G1CollectForAllocation done
Event: 13.486 Executing VM operation: G1CollectForAllocation
Event: 13.494 Executing VM operation: G1CollectForAllocation done
Event: 13.511 Thread 0x0000000026bd4800 Uncommon trap: trap_request=0xffffff4d fr.pc=0x0000000012a82d54 relative=0x0000000000000394
Event: 13.511 Thread 0x0000000026bd4800 DEOPT PACKING pc=0x0000000012a82d54 sp=0x000000003be0f0a0
Event: 13.511 Thread 0x0000000026bd4800 DEOPT UNPACKING pc=0x000000000adf8f2f sp=0x000000003be0f038 mode 2
Event: 13.568 Executing VM operation: G1CollectForAllocation
Event: 13.579 Executing VM operation: G1CollectForAllocation done
Event: 13.660 Executing VM operation: G1CollectForAllocation


Dynamic libraries:
0x0000000000400000 - 0x00000000004d5000 	C:\Program Files\Greenfoot\Greenfoot.exe
0x00007fff06630000 - 0x00007fff06826000 	C:\WINDOWS\SYSTEM32\ntdll.dll
0x00007fff06530000 - 0x00007fff065ed000 	C:\WINDOWS\System32\KERNEL32.DLL
0x00007fff042a0000 - 0x00007fff04568000 	C:\WINDOWS\System32\KERNELBASE.dll
0x00007fff04ec0000 - 0x00007fff04f5e000 	C:\WINDOWS\System32\msvcrt.dll
0x00007fff052c0000 - 0x00007fff05a01000 	C:\WINDOWS\System32\SHELL32.dll
0x00007fff045c0000 - 0x00007fff0465d000 	C:\WINDOWS\System32\msvcp_win.dll
0x00007fff04120000 - 0x00007fff04220000 	C:\WINDOWS\System32\ucrtbase.dll
0x00007fff04800000 - 0x00007fff049a0000 	C:\WINDOWS\System32\USER32.dll
0x00007fff04660000 - 0x00007fff04682000 	C:\WINDOWS\System32\win32u.dll
0x00007fff04c90000 - 0x00007fff04cba000 	C:\WINDOWS\System32\GDI32.dll
0x00007fff03d70000 - 0x00007fff03e79000 	C:\WINDOWS\System32\gdi32full.dll
0x00007fff06240000 - 0x00007fff06295000 	C:\WINDOWS\System32\SHLWAPI.dll
0x00007ffefdb00000 - 0x00007ffefdb0a000 	C:\WINDOWS\SYSTEM32\VERSION.dll
0x00007fff06160000 - 0x00007fff06190000 	C:\WINDOWS\System32\IMM32.DLL
0x00007fff06030000 - 0x00007fff060de000 	C:\WINDOWS\System32\shcore.dll
0x00007fff04f60000 - 0x00007fff052b5000 	C:\WINDOWS\System32\combase.dll
0x00007fff06400000 - 0x00007fff06524000 	C:\WINDOWS\System32\RPCRT4.dll
0x00007ffeaa070000 - 0x00007ffeaab93000 	C:\Program Files\Greenfoot\jdk\bin\server\jvm.dll
0x00007fff06190000 - 0x00007fff0623c000 	C:\WINDOWS\System32\ADVAPI32.dll
0x00007fff06350000 - 0x00007fff063eb000 	C:\WINDOWS\System32\sechost.dll
0x00007fff063f0000 - 0x00007fff063f8000 	C:\WINDOWS\System32\PSAPI.DLL
0x00007ffef75c0000 - 0x00007ffef75e7000 	C:\WINDOWS\SYSTEM32\WINMM.dll
0x00007ffef9560000 - 0x00007ffef9576000 	C:\Program Files\Greenfoot\jdk\bin\VCRUNTIME140.dll
0x00007ffee9bf0000 - 0x00007ffee9bf9000 	C:\WINDOWS\SYSTEM32\WSOCK32.dll
0x00007fff05ee0000 - 0x00007fff05f4b000 	C:\WINDOWS\System32\WS2_32.dll
0x00007ffef9500000 - 0x00007ffef9511000 	C:\Program Files\Greenfoot\jdk\bin\verify.dll
0x00007ffee9070000 - 0x00007ffee9254000 	C:\WINDOWS\SYSTEM32\DBGHELP.DLL
0x00007ffee93f0000 - 0x00007ffee941c000 	C:\WINDOWS\SYSTEM32\dbgcore.DLL
0x00007fff04220000 - 0x00007fff0429f000 	C:\WINDOWS\System32\bcryptPrimitives.dll
0x00007ffef2b80000 - 0x00007ffef2ba8000 	C:\Program Files\Greenfoot\jdk\bin\java.dll
0x00007ffef21b0000 - 0x00007ffef21c6000 	C:\Program Files\Greenfoot\jdk\bin\zip.dll
0x00007fff01560000 - 0x00007fff0156a000 	C:\Program Files\Greenfoot\jdk\bin\jimage.dll
0x00007fff026a0000 - 0x00007fff026b2000 	C:\WINDOWS\SYSTEM32\kernel.appcore.dll
0x00007fff01ea0000 - 0x00007fff02635000 	C:\WINDOWS\SYSTEM32\windows.storage.dll
0x00007fff037e0000 - 0x00007fff0380c000 	C:\WINDOWS\SYSTEM32\Wldp.dll
0x00007fff03ca0000 - 0x00007fff03cc6000 	C:\WINDOWS\SYSTEM32\profapi.dll
0x00007ffeed600000 - 0x00007ffeed619000 	C:\Program Files\Greenfoot\jdk\bin\net.dll
0x00007ffef0b10000 - 0x00007ffef0cfd000 	C:\WINDOWS\SYSTEM32\urlmon.dll
0x00007ffefac50000 - 0x00007ffefad50000 	C:\WINDOWS\SYSTEM32\WINHTTP.dll
0x00007ffef19c0000 - 0x00007ffef1c70000 	C:\WINDOWS\SYSTEM32\iertutil.dll
0x00007fff03560000 - 0x00007fff035ca000 	C:\WINDOWS\system32\mswsock.dll
0x00007ffee60b0000 - 0x00007ffee60c3000 	C:\Program Files\Greenfoot\jdk\bin\nio.dll
0x0000000180000000 - 0x0000000180003000 	C:\Program Files\Greenfoot\lib\javafx\bin\api-ms-win-core-console-l1-1-0.dll
0x0000000001110000 - 0x0000000001113000 	C:\Program Files\Greenfoot\lib\javafx\bin\api-ms-win-core-datetime-l1-1-0.dll
0x0000000001120000 - 0x0000000001123000 	C:\Program Files\Greenfoot\lib\javafx\bin\api-ms-win-core-debug-l1-1-0.dll
0x0000000025940000 - 0x0000000025943000 	C:\Program Files\Greenfoot\lib\javafx\bin\api-ms-win-core-errorhandling-l1-1-0.dll
0x0000000025950000 - 0x0000000025954000 	C:\Program Files\Greenfoot\lib\javafx\bin\api-ms-win-core-file-l1-1-0.dll
0x0000000025960000 - 0x0000000025963000 	C:\Program Files\Greenfoot\lib\javafx\bin\api-ms-win-core-file-l1-2-0.dll
0x0000000025970000 - 0x0000000025973000 	C:\Program Files\Greenfoot\lib\javafx\bin\api-ms-win-core-file-l2-1-0.dll
0x0000000025980000 - 0x0000000025983000 	C:\Program Files\Greenfoot\lib\javafx\bin\api-ms-win-core-handle-l1-1-0.dll
0x0000000025990000 - 0x0000000025993000 	C:\Program Files\Greenfoot\lib\javafx\bin\api-ms-win-core-heap-l1-1-0.dll
0x00000000259a0000 - 0x00000000259a3000 	C:\Program Files\Greenfoot\lib\javafx\bin\api-ms-win-core-interlocked-l1-1-0.dll
0x00000000259b0000 - 0x00000000259b3000 	C:\Program Files\Greenfoot\lib\javafx\bin\api-ms-win-core-libraryloader-l1-1-0.dll
0x00000000259c0000 - 0x00000000259c3000 	C:\Program Files\Greenfoot\lib\javafx\bin\api-ms-win-core-localization-l1-2-0.dll
0x00000000259d0000 - 0x00000000259d3000 	C:\Program Files\Greenfoot\lib\javafx\bin\api-ms-win-core-memory-l1-1-0.dll
0x00000000259e0000 - 0x00000000259e3000 	C:\Program Files\Greenfoot\lib\javafx\bin\api-ms-win-core-namedpipe-l1-1-0.dll
0x00000000259f0000 - 0x00000000259f3000 	C:\Program Files\Greenfoot\lib\javafx\bin\api-ms-win-core-processenvironment-l1-1-0.dll
0x0000000025a00000 - 0x0000000025a03000 	C:\Program Files\Greenfoot\lib\javafx\bin\api-ms-win-core-processthreads-l1-1-0.dll
0x0000000025a10000 - 0x0000000025a13000 	C:\Program Files\Greenfoot\lib\javafx\bin\api-ms-win-core-processthreads-l1-1-1.dll
0x0000000025a20000 - 0x0000000025a23000 	C:\Program Files\Greenfoot\lib\javafx\bin\api-ms-win-core-profile-l1-1-0.dll
0x0000000025a30000 - 0x0000000025a33000 	C:\Program Files\Greenfoot\lib\javafx\bin\api-ms-win-core-rtlsupport-l1-1-0.dll
0x0000000025a40000 - 0x0000000025a43000 	C:\Program Files\Greenfoot\lib\javafx\bin\api-ms-win-core-string-l1-1-0.dll
0x0000000025a50000 - 0x0000000025a53000 	C:\Program Files\Greenfoot\lib\javafx\bin\api-ms-win-core-synch-l1-1-0.dll
0x0000000025a60000 - 0x0000000025a63000 	C:\Program Files\Greenfoot\lib\javafx\bin\api-ms-win-core-synch-l1-2-0.dll
0x0000000025a70000 - 0x0000000025a73000 	C:\Program Files\Greenfoot\lib\javafx\bin\api-ms-win-core-sysinfo-l1-1-0.dll
0x0000000025a80000 - 0x0000000025a83000 	C:\Program Files\Greenfoot\lib\javafx\bin\api-ms-win-core-timezone-l1-1-0.dll
0x0000000025a90000 - 0x0000000025a93000 	C:\Program Files\Greenfoot\lib\javafx\bin\api-ms-win-core-util-l1-1-0.dll
0x0000000025aa0000 - 0x0000000025aa3000 	C:\Program Files\Greenfoot\lib\javafx\bin\api-ms-win-crt-conio-l1-1-0.dll
0x0000000025ab0000 - 0x0000000025ab4000 	C:\Program Files\Greenfoot\lib\javafx\bin\api-ms-win-crt-convert-l1-1-0.dll
0x0000000025ac0000 - 0x0000000025ac3000 	C:\Program Files\Greenfoot\lib\javafx\bin\api-ms-win-crt-environment-l1-1-0.dll
0x0000000025ad0000 - 0x0000000025ad3000 	C:\Program Files\Greenfoot\lib\javafx\bin\api-ms-win-crt-filesystem-l1-1-0.dll
0x0000000025ae0000 - 0x0000000025ae3000 	C:\Program Files\Greenfoot\lib\javafx\bin\api-ms-win-crt-heap-l1-1-0.dll
0x0000000025af0000 - 0x0000000025af3000 	C:\Program Files\Greenfoot\lib\javafx\bin\api-ms-win-crt-locale-l1-1-0.dll
0x0000000025b00000 - 0x0000000025b05000 	C:\Program Files\Greenfoot\lib\javafx\bin\api-ms-win-crt-math-l1-1-0.dll
0x0000000025b10000 - 0x0000000025b15000 	C:\Program Files\Greenfoot\lib\javafx\bin\api-ms-win-crt-multibyte-l1-1-0.dll
0x0000000025b20000 - 0x0000000025b30000 	C:\Program Files\Greenfoot\lib\javafx\bin\api-ms-win-crt-private-l1-1-0.dll
0x0000000025b30000 - 0x0000000025b33000 	C:\Program Files\Greenfoot\lib\javafx\bin\api-ms-win-crt-process-l1-1-0.dll
0x0000000025b40000 - 0x0000000025b44000 	C:\Program Files\Greenfoot\lib\javafx\bin\api-ms-win-crt-runtime-l1-1-0.dll
0x0000000025b50000 - 0x0000000025b54000 	C:\Program Files\Greenfoot\lib\javafx\bin\api-ms-win-crt-stdio-l1-1-0.dll
0x0000000025b60000 - 0x0000000025b64000 	C:\Program Files\Greenfoot\lib\javafx\bin\api-ms-win-crt-string-l1-1-0.dll
0x0000000025b70000 - 0x0000000025b73000 	C:\Program Files\Greenfoot\lib\javafx\bin\api-ms-win-crt-time-l1-1-0.dll
0x0000000025b80000 - 0x0000000025b83000 	C:\Program Files\Greenfoot\lib\javafx\bin\api-ms-win-crt-utility-l1-1-0.dll
0x00007ffed13a0000 - 0x00007ffed149a000 	C:\Program Files\Greenfoot\lib\javafx\bin\ucrtbase.dll
0x00007ffee49d0000 - 0x00007ffee49e6000 	C:\Program Files\Greenfoot\lib\javafx\bin\vcruntime140.dll
0x00007ffed0d90000 - 0x00007ffed0e36000 	C:\Program Files\Greenfoot\lib\javafx\bin\msvcp140.dll
0x00007ffedd230000 - 0x00007ffedd281000 	C:\Program Files\Greenfoot\lib\javafx\bin\concrt140.dll
0x00007ffee49a0000 - 0x00007ffee49c3000 	C:\Program Files\Greenfoot\lib\javafx\bin\prism_d3d.dll
0x00007ffefc6f0000 - 0x00007ffefc8be000 	C:\WINDOWS\system32\d3d9.dll
0x00007fff01a20000 - 0x00007fff01a4f000 	C:\WINDOWS\SYSTEM32\dwmapi.dll
0x00007fff01740000 - 0x00007fff017de000 	C:\WINDOWS\system32\uxtheme.dll
0x00007ffebbae0000 - 0x00007ffebbc43000 	C:\WINDOWS\System32\DriverStore\FileRepository\iigd_dch.inf_amd64_a086f01cc7be643a\igdumdim64.dll
0x00007ffea1f50000 - 0x00007ffea5954000 	C:\WINDOWS\System32\DriverStore\FileRepository\iigd_dch.inf_amd64_a086f01cc7be643a\igd9dxva64.dll
0x00007fff04b60000 - 0x00007fff04c8a000 	C:\WINDOWS\System32\ole32.dll
0x00007fff05f60000 - 0x00007fff0602d000 	C:\WINDOWS\System32\OLEAUT32.dll
0x00007fff05a70000 - 0x00007fff05ed7000 	C:\WINDOWS\System32\SETUPAPI.dll
0x00007fff04570000 - 0x00007fff045be000 	C:\WINDOWS\System32\cfgmgr32.dll
0x00007fff03ee0000 - 0x00007fff03f07000 	C:\WINDOWS\System32\bcrypt.dll
0x00007ffef9040000 - 0x00007ffef927f000 	C:\WINDOWS\System32\DriverStore\FileRepository\iigd_dch.inf_amd64_a086f01cc7be643a\igdgmm64.dll
0x00007ffed2fd0000 - 0x00007ffed3015000 	C:\Program Files\Greenfoot\lib\javafx\bin\glass.dll
0x00007fff04de0000 - 0x00007fff04eba000 	C:\WINDOWS\System32\COMDLG32.dll
0x00007ffefe930000 - 0x00007ffefe9e0000 	C:\WINDOWS\WinSxS\amd64_microsoft.windows.common-controls_6595b64144ccf1df_5.82.19041.488_none_4238de57f6b64d28\COMCTL32.dll
0x00007fff04cc0000 - 0x00007fff04dd5000 	C:\WINDOWS\System32\MSCTF.dll
0x00007ffeba120000 - 0x00007ffeba21c000 	C:\ProgramData\A-Volute\A-Volute.Nahimic\Modules\Scheduled\x64\A-Volute.NahimicDevProps2.dll
0x00007ffec2500000 - 0x00007ffec25ac000 	C:\ProgramData\A-Volute\A-Volute.Nahimic\Modules\Scheduled\x64\NahimicOSD.dll
0x00007ffee19f0000 - 0x00007ffee1a47000 	C:\ProgramData\A-Volute\A-Volute.Nahimic\Modules\Scheduled\x64\ProductInfo.dll
0x00007ffecfbd0000 - 0x00007ffecfbf7000 	C:\WINDOWS\System32\DriverStore\FileRepository\iigd_dch.inf_amd64_a086f01cc7be643a\igdinfo64.dll
0x00007ffef3070000 - 0x00007ffef5cd2000 	C:\WINDOWS\System32\DriverStore\FileRepository\iigd_dch.inf_amd64_a086f01cc7be643a\igc64.dll
0x00007ffef9830000 - 0x00007ffef986b000 	C:\WINDOWS\SYSTEM32\dxcore.dll
0x00007ffed0bf0000 - 0x00007ffed0d8e000 	C:\Program Files\Greenfoot\jdk\bin\awt.dll
0x00007fff00130000 - 0x00007fff006f0000 	C:\WINDOWS\SYSTEM32\d2d1.dll
0x00007fff015f0000 - 0x00007fff01680000 	C:\WINDOWS\SYSTEM32\apphelp.dll
0x00007ffee35d0000 - 0x00007ffee35e4000 	C:\Program Files\Greenfoot\lib\javafx\bin\javafx_font.dll
0x00007ffedf0b0000 - 0x00007ffedf32f000 	C:\WINDOWS\SYSTEM32\dwrite.dll
0x00007fff062a0000 - 0x00007fff06349000 	C:\WINDOWS\System32\clbcatq.dll
0x00007ffef8930000 - 0x00007ffef8bcb000 	C:\WINDOWS\WinSxS\amd64_microsoft.windows.common-controls_6595b64144ccf1df_6.0.19041.488_none_ca04af081b815d21\comctl32.dll
0x00007ffefb920000 - 0x00007ffefbad4000 	C:\WINDOWS\SYSTEM32\WindowsCodecs.dll
0x00007ffef1c80000 - 0x00007ffef1cbe000 	C:\WINDOWS\system32\dataexchange.dll
0x00007fff00990000 - 0x00007fff00b75000 	C:\WINDOWS\system32\dcomp.dll
0x00007ffeffec0000 - 0x00007fff00124000 	C:\WINDOWS\system32\d3d11.dll
0x00007fff027e0000 - 0x00007fff028d3000 	C:\WINDOWS\system32\dxgi.dll
0x00007ffefc050000 - 0x00007ffefc258000 	C:\WINDOWS\system32\twinapi.appcore.dll
0x00007ffed7f20000 - 0x00007ffed7f54000 	C:\Program Files\Common Files\Microsoft Shared\Ink\rtscom.dll
0x00007ffef2c40000 - 0x00007ffef2d3c000 	C:\WINDOWS\SYSTEM32\textinputframework.dll
0x00007fff01270000 - 0x00007fff01362000 	C:\WINDOWS\System32\CoreMessaging.dll
0x00007fff00f10000 - 0x00007fff0126e000 	C:\WINDOWS\System32\CoreUIComponents.dll
0x00007fff00830000 - 0x00007fff00986000 	C:\WINDOWS\SYSTEM32\wintypes.dll
0x00007fff02ab0000 - 0x00007fff02ae3000 	C:\WINDOWS\SYSTEM32\ntmarta.dll

dbghelp: loaded successfully - version: 4.0.5 - missing functions: none
symbol engine: initialized successfully - sym options: 0x614 - pdb path: .;C:\Program Files\Greenfoot;C:\WINDOWS\SYSTEM32;C:\Program Files\Greenfoot\jdk\bin\server;C:\Program Files\Greenfoot\jdk\bin;C:\Program Files\Greenfoot\lib\javafx\bin;C:\WINDOWS\System32\DriverStore\FileRepository\iigd_dch.inf_amd64_a086f01cc7be643a;C:\WINDOWS\System32\DriverStore\FileRepository\nvmi.inf_amd64_42fc1194a315e6ac;C:\WINDOWS\WinSxS\amd64_microsoft.windows.common-controls_6595b64144ccf1df_5.82.19041.488_none_4238de57f6b64d28;C:\ProgramData\A-Volute\A-Volute.Nahimic\Modules\Scheduled\x64;C:\WINDOWS\WinSxS\amd64_microsoft.windows.common-controls_6595b64144ccf1df_6.0.19041.488_none_ca04af081b815d21;C:\Program Files\Common Files\Microsoft Shared\Ink

VM Arguments:
jvm_args: -Djavafx.embed.singleThread=true 
java_command: <unknown>
java_class_path (initial): C:\Program Files\Greenfoot\lib\bluej.jar;C:\Program Files\Greenfoot\lib\javafx\lib\javafx.base.jar;C:\Program Files\Greenfoot\lib\javafx\lib\javafx.controls.jar;C:\Program Files\Greenfoot\lib\javafx\lib\javafx.fxml.jar;C:\Program Files\Greenfoot\lib\javafx\lib\javafx.graphics.jar;C:\Program Files\Greenfoot\lib\javafx\lib\javafx.media.jar;C:\Program Files\Greenfoot\lib\javafx\lib\javafx.properties.jar;C:\Program Files\Greenfoot\lib\javafx\lib\javafx.swing.jar;C:\Program Files\Greenfoot\lib\javafx\lib\javafx.web.jar
Launcher Type: generic

[Global flags]
     intx CICompilerCount                          = 4                                         {product} {ergonomic}
     uint ConcGCThreads                            = 3                                         {product} {ergonomic}
     uint G1ConcRefinementThreads                  = 10                                        {product} {ergonomic}
   size_t G1HeapRegionSize                         = 1048576                                   {product} {ergonomic}
    uintx GCDrainStackTargetSize                   = 64                                        {product} {ergonomic}
   size_t InitialHeapSize                          = 132120576                                 {product} {ergonomic}
   size_t MarkStackSize                            = 4194304                                   {product} {ergonomic}
   size_t MaxHeapSize                              = 2107637760                                {product} {ergonomic}
   size_t MaxNewSize                               = 1264582656                                {product} {ergonomic}
   size_t MinHeapDeltaBytes                        = 1048576                                   {product} {ergonomic}
    uintx NonNMethodCodeHeapSize                   = 5835340                                {pd product} {ergonomic}
    uintx NonProfiledCodeHeapSize                  = 122911450                              {pd product} {ergonomic}
    uintx ProfiledCodeHeapSize                     = 122911450                              {pd product} {ergonomic}
    uintx ReservedCodeCacheSize                    = 251658240                              {pd product} {ergonomic}
     bool SegmentedCodeCache                       = true                                      {product} {ergonomic}
     bool UseCompressedClassPointers               = true                                 {lp64_product} {ergonomic}
     bool UseCompressedOops                        = true                                 {lp64_product} {ergonomic}
     bool UseG1GC                                  = true                                      {product} {ergonomic}
     bool UseLargePagesIndividualAllocation        = false                                  {pd product} {ergonomic}

Logging:
Log output configuration:
 #0: stdout all=warning uptime,level,tags
 #1: stderr all=off uptime,level,tags

Environment Variables:
PATH=C:\ProgramData\Oracle\Java\javapath;C:\Program Files (x86)\Intel\Intel(R) Management Engine Components\iCLS\;C:\Program Files\Intel\Intel(R) Management Engine Components\iCLS\;C:\Windows\system32;C:\Windows;C:\Windows\System32\Wbem;C:\Windows\System32\WindowsPowerShell\v1.0\;C:\Windows\System32\OpenSSH\;C:\Program Files (x86)\NVIDIA Corporation\PhysX\Common;C:\Program Files\Intel\WiFi\bin\;C:\Program Files\Common Files\Intel\WirelessCommon\;C:\Program Files (x86)\Intel\Intel(R) Management Engine Components\DAL;C:\Program Files\Intel\Intel(R) Management Engine Components\DAL;C:\Program Files (x86)\Intel\Intel(R) Management Engine Components\IPT;C:\Program Files\Intel\Intel(R) Management Engine Components\IPT;C:\WINDOWS\system32;C:\WINDOWS;C:\WINDOWS\System32\Wbem;C:\WINDOWS\System32\WindowsPowerShell\v1.0\;C:\WINDOWS\System32\OpenSSH\;C:\Program Files\Git\cmd;C:\Program Files\Git\mingw64\bin;C:\Program Files\Git\usr\bin;C:\Users\sammy\AppData\Local\Microsoft\WindowsApps;C:\Users\sammy\AppData\Local\GitHubDesktop\bin
USERNAME=sammy
OS=Windows_NT
PROCESSOR_IDENTIFIER=Intel64 Family 6 Model 158 Stepping 10, GenuineIntel



---------------  S Y S T E M  ---------------

OS: Windows 10 , 64 bit Build 19041 (10.0.19041.546)

CPU:total 12 (initial active 12) (6 cores per cpu, 2 threads per core) family 6 model 158 stepping 10, cmov, cx8, fxsr, mmx, sse, sse2, sse3, ssse3, sse4.1, sse4.2, popcnt, avx, avx2, aes, clmul, erms, 3dnowpref, lzcnt, ht, tsc, tscinvbit, bmi1, bmi2, adx, fma

Memory: 4k page, system-wide physical 8037M (893M free)
TotalPageFile size 23134M (AvailPageFile size 59M)
current process WorkingSet (physical memory assigned to process): 456M, peak: 457M
current process commit charge ("private bytes"): 483M, peak: 550M

vm_info: OpenJDK 64-Bit Server VM (11.0.2+9) for windows-amd64 JRE (11.0.2+9), built on Jan 18 2019 05:23:22 by "mach5one" with MS VC++ 15.5 (VS2017)

END.
